[2025-03-10 07:06:33,423][dcase24t6.train][INFO] - Full configuration:
ckpt:
  _target_: dcase24t6.callbacks.ckpt.CustomModelCheckpoint
  dirpath: ./logs/alternative3-2025.03.10-07.06.32-baseline/./checkpoints
  monitor: val/loss
  mode: min
  filename: '{epoch:03d}-{step:06d}-mode_min-{val/loss:.4f}'
  replace_slash_in_filename: true
  create_best_symlink: true
datamodule:
  _target_: dcase24t6.datamodules.hdf.HDFDatamodule
  root: ./data
  train_hdfs: clotho_dev_cnext.hdf
  val_hdfs: clotho_val_cnext.hdf
  test_hdfs: clotho_eval_cnext.hdf
  predict_hdfs:
  - clotho_dcase_aac_analysis_cnext.hdf
  - clotho_dcase_aac_test_cnext.hdf
  train_batch_keys:
  - frame_embs
  - frame_embs_shape
  - captions
  val_batch_keys:
  - frame_embs
  - frame_embs_shape
  - dataset
  - subset
  - fname
  - mult_captions
  - mult_references
  test_batch_keys:
  - frame_embs
  - frame_embs_shape
  - dataset
  - subset
  - fname
  - mult_captions
  - mult_references
  predict_batch_keys:
  - frame_embs
  - frame_embs_shape
  - dataset
  - subset
  - fname
  batch_size: 64
  num_workers: auto
  pin_memory: true
  train_drop_last: false
  verbose: 1
emission:
  _target_: dcase24t6.callbacks.emissions.CustomEmissionTracker
  save_dir: ./logs/alternative3-2025.03.10-07.06.32-baseline/.
  emissions_fname: emissions/{task}_emissions.yaml
  country_iso_code: null
  offline: false
  disabled: false
  experiment_name: alternative3-2025.03.10-07.06.32-baseline
model:
  _target_: dcase24t6.models.trans_decoder.TransDecoderModel
  sched_num_steps: 400
  verbose: 1
  lr: 0.0005
  weight_decay: 2
  beam_size: 3
  d_model: 256
  label_smoothing: 0.2
  mixup_alpha: 0.4
tokenizer:
  _target_: dcase24t6.tokenization.aac_tokenizer.AACTokenizer
path:
  data_root: ./data
  save_root: ./logs
datetime: 2025.03.10-07.06.32
save_dir: ./logs/alternative3-2025.03.10-07.06.32-baseline/.
save_name: alternative3-2025.03.10-07.06.32-baseline
seed: 42
verbose: 1
val_ckpt_path: null
test_ckpt_path: best
logger:
  _target_: lightning.pytorch.loggers.tensorboard.TensorBoardLogger
  save_dir: ./logs/alternative3-2025.03.10-07.06.32-baseline/.
  name: tensorboard
  version: .
trainer:
  _target_: lightning.pytorch.trainer.Trainer
  accelerator: gpu
  accumulate_grad_batches: 8
  benchmark: false
  detect_anomaly: false
  deterministic: false
  devices: 1
  enable_checkpointing: true
  enable_model_summary: false
  fast_dev_run: false
  gradient_clip_algorithm: norm
  gradient_clip_val: 1
  limit_predict_batches: null
  limit_test_batches: null
  limit_train_batches: null
  limit_val_batches: null
  log_every_n_steps: 5
  max_epochs: 400
  max_steps: -1
  num_nodes: 1
  num_sanity_val_steps: 0
  precision: 32
  reload_dataloaders_every_n_epochs: 0
  val_check_interval: null
evaluator:
  _target_: dcase24t6.callbacks.evaluator.Evaluator
  save_dir: ./logs/alternative3-2025.03.10-07.06.32-baseline/.
  val_metrics:
  - cider_d
  - vocab
  test_metrics: all
  exclude_keys:
  - frame_embs

[2025-03-10 07:06:33,431][sentence_transformers.SentenceTransformer][INFO] - Load pretrained SentenceTransformer: paraphrase-TinyBERT-L6-v2
[2025-03-10 07:06:40,019][dcase24t6.train][INFO] - Adding 7 callbacks: Evaluator, ModelSummary, ComplexityProfiler, LearningRateMonitor, PrintModelHash, CustomModelCheckpoint, EarlyStopping
[2025-03-10 07:06:42,150][dcase24t6.nn.decoding.common][INFO] - Forbid repetition mask 4262/4371 tokens during testing.
[2025-03-10 12:30:14,516][aac_metrics.functional.evaluate][WARNING] - Found overlapping metric outputs names. (found corpus_overlap=('fer',) and sents_overlap=('fer',))
[2025-03-10 12:30:32,157][dcase24t6.callbacks.evaluator][INFO] - Metrics results for test at epoch 400:
test/clotho_eval.bleu_1: 0.5829222351779906
test/clotho_eval.bleu_2: 0.3805357843939727
test/clotho_eval.bleu_3: 0.2525750373970176
test/clotho_eval.bleu_4: 0.16275593774765074
test/clotho_eval.meteor: 0.18437407400837838
test/clotho_eval.rouge_l: 0.3832136743530524
test/clotho_eval.sbert_sim: 0.5042879736345065
test/clotho_eval.fer: 0.0028708133971291866
test/clotho_eval.fense: 0.5027907570162744
test/clotho_eval.cider_d: 0.4480597952004205
test/clotho_eval.spice: 0.13177698348383168
test/clotho_eval.spider: 0.2899183893421261
test/clotho_eval.fer.add_tail_prob: 0.04592623561620712
test/clotho_eval.fer.repeat_event_prob: 0.07186666876077652
test/clotho_eval.fer.repeat_adv_prob: 0.0020290634129196405
test/clotho_eval.fer.remove_conj_prob: 0.12424296140670776
test/clotho_eval.fer.remove_verb_prob: 0.22317631542682648
test/clotho_eval.fer.error_prob: 0.3438722491264343
test/clotho_eval.spider_fl: 0.2890168641316091
test/clotho_eval.vocab.cands: 579.0
test/clotho_eval.vocab.mrefs_full: 3516.0
test/clotho_eval.vocab.ratio_full: 0.16467576791808874
test/clotho_eval.vocab.mrefs_avg: 1837.4
test/clotho_eval.vocab.ratio_avg: 0.31511919016000867
test/clotho_eval.bert_score.precision: 0.9768657088279724
test/clotho_eval.bert_score.recall: 0.9768664240837097
test/clotho_eval.bert_score.f1: 0.9758696556091309

[2025-03-10 12:32:57,527][dcase24t6.train][INFO] - Job results are saved in './logs/alternative3-2025.03.10-07.06.32-baseline/.'. (duration=5:26:25)
