[2025-03-10 13:22:34,103][dcase24t6.train][INFO] - Full configuration:
ckpt:
  _target_: dcase24t6.callbacks.ckpt.CustomModelCheckpoint
  dirpath: ./logs/alternative4-2025.03.10-13.22.32-baseline/./checkpoints
  monitor: val/loss
  mode: min
  filename: '{epoch:03d}-{step:06d}-mode_min-{val/loss:.4f}'
  replace_slash_in_filename: true
  create_best_symlink: true
datamodule:
  _target_: dcase24t6.datamodules.hdf.HDFDatamodule
  root: ./data
  train_hdfs: clotho_dev_cnext.hdf
  val_hdfs: clotho_val_cnext.hdf
  test_hdfs: clotho_eval_cnext.hdf
  predict_hdfs:
  - clotho_dcase_aac_analysis_cnext.hdf
  - clotho_dcase_aac_test_cnext.hdf
  train_batch_keys:
  - frame_embs
  - frame_embs_shape
  - captions
  val_batch_keys:
  - frame_embs
  - frame_embs_shape
  - dataset
  - subset
  - fname
  - mult_captions
  - mult_references
  test_batch_keys:
  - frame_embs
  - frame_embs_shape
  - dataset
  - subset
  - fname
  - mult_captions
  - mult_references
  predict_batch_keys:
  - frame_embs
  - frame_embs_shape
  - dataset
  - subset
  - fname
  batch_size: 64
  num_workers: auto
  pin_memory: true
  train_drop_last: false
  verbose: 1
emission:
  _target_: dcase24t6.callbacks.emissions.CustomEmissionTracker
  save_dir: ./logs/alternative4-2025.03.10-13.22.32-baseline/.
  emissions_fname: emissions/{task}_emissions.yaml
  country_iso_code: null
  offline: false
  disabled: false
  experiment_name: alternative4-2025.03.10-13.22.32-baseline
model:
  _target_: dcase24t6.models.trans_decoder.TransDecoderModel
  sched_num_steps: 400
  verbose: 1
  lr: 0.0005
  weight_decay: 2
  beam_size: 3
  d_model: 256
  label_smoothing: 0.2
  mixup_alpha: 0.4
tokenizer:
  _target_: dcase24t6.tokenization.aac_tokenizer.AACTokenizer
path:
  data_root: ./data
  save_root: ./logs
datetime: 2025.03.10-13.22.32
save_dir: ./logs/alternative4-2025.03.10-13.22.32-baseline/.
save_name: alternative4-2025.03.10-13.22.32-baseline
seed: 42
verbose: 1
val_ckpt_path: null
test_ckpt_path: best
logger:
  _target_: lightning.pytorch.loggers.tensorboard.TensorBoardLogger
  save_dir: ./logs/alternative4-2025.03.10-13.22.32-baseline/.
  name: tensorboard
  version: .
trainer:
  _target_: lightning.pytorch.trainer.Trainer
  accelerator: gpu
  accumulate_grad_batches: 8
  benchmark: false
  detect_anomaly: false
  deterministic: false
  devices: 1
  enable_checkpointing: true
  enable_model_summary: false
  fast_dev_run: false
  gradient_clip_algorithm: norm
  gradient_clip_val: 1
  limit_predict_batches: null
  limit_test_batches: null
  limit_train_batches: null
  limit_val_batches: null
  log_every_n_steps: 5
  max_epochs: 400
  max_steps: -1
  num_nodes: 1
  num_sanity_val_steps: 0
  precision: 32
  reload_dataloaders_every_n_epochs: 0
  val_check_interval: null
evaluator:
  _target_: dcase24t6.callbacks.evaluator.Evaluator
  save_dir: ./logs/alternative4-2025.03.10-13.22.32-baseline/.
  val_metrics:
  - cider_d
  - vocab
  test_metrics: all
  exclude_keys:
  - frame_embs

[2025-03-10 13:22:34,112][sentence_transformers.SentenceTransformer][INFO] - Load pretrained SentenceTransformer: paraphrase-TinyBERT-L6-v2
[2025-03-10 13:22:39,760][dcase24t6.train][INFO] - Adding 7 callbacks: Evaluator, ModelSummary, ComplexityProfiler, LearningRateMonitor, PrintModelHash, CustomModelCheckpoint, EarlyStopping
[2025-03-10 13:22:41,637][dcase24t6.nn.decoding.common][INFO] - Forbid repetition mask 4262/4371 tokens during testing.
[2025-03-10 18:48:08,001][aac_metrics.functional.evaluate][WARNING] - Found overlapping metric outputs names. (found corpus_overlap=('fer',) and sents_overlap=('fer',))
[2025-03-10 18:48:26,634][dcase24t6.callbacks.evaluator][INFO] - Metrics results for test at epoch 400:
test/clotho_eval.bleu_1: 0.5785529485234563
test/clotho_eval.bleu_2: 0.37579639496536466
test/clotho_eval.bleu_3: 0.2494261069705389
test/clotho_eval.bleu_4: 0.16318898323468412
test/clotho_eval.meteor: 0.1847212362297958
test/clotho_eval.rouge_l: 0.38359720536078296
test/clotho_eval.sbert_sim: 0.5048167411647915
test/clotho_eval.fer: 0.0019138755980861245
test/clotho_eval.fense: 0.5041266922289105
test/clotho_eval.cider_d: 0.44318077040004805
test/clotho_eval.spice: 0.1323553170065854
test/clotho_eval.spider: 0.2877680437033167
test/clotho_eval.fer.add_tail_prob: 0.045392174273729324
test/clotho_eval.fer.repeat_event_prob: 0.07157976925373077
test/clotho_eval.fer.repeat_adv_prob: 0.0020215108525007963
test/clotho_eval.fer.remove_conj_prob: 0.12290434539318085
test/clotho_eval.fer.remove_verb_prob: 0.21985337138175964
test/clotho_eval.fer.error_prob: 0.33987143635749817
test/clotho_eval.spider_fl: 0.2873851508625583
test/clotho_eval.vocab.cands: 585.0
test/clotho_eval.vocab.mrefs_full: 3516.0
test/clotho_eval.vocab.ratio_full: 0.16638225255972697
test/clotho_eval.vocab.mrefs_avg: 1837.4
test/clotho_eval.vocab.ratio_avg: 0.31838467399586373
test/clotho_eval.bert_score.precision: 0.9767378568649292
test/clotho_eval.bert_score.recall: 0.976764440536499
test/clotho_eval.bert_score.f1: 0.9758630394935608

[2025-03-10 18:50:55,366][dcase24t6.train][INFO] - Job results are saved in './logs/alternative4-2025.03.10-13.22.32-baseline/.'. (duration=5:28:22)
