[2025-03-09 17:56:10,048][dcase24t6.train][INFO] - Full configuration:
ckpt:
  _target_: dcase24t6.callbacks.ckpt.CustomModelCheckpoint
  dirpath: ./logs/alternative2-2025.03.09-17.56.08-baseline/./checkpoints
  monitor: val/loss
  mode: min
  filename: '{epoch:03d}-{step:06d}-mode_min-{val/loss:.4f}'
  replace_slash_in_filename: true
  create_best_symlink: true
datamodule:
  _target_: dcase24t6.datamodules.hdf.HDFDatamodule
  root: ./data
  train_hdfs: clotho_dev_cnext.hdf
  val_hdfs: clotho_val_cnext.hdf
  test_hdfs: clotho_eval_cnext.hdf
  predict_hdfs:
  - clotho_dcase_aac_analysis_cnext.hdf
  - clotho_dcase_aac_test_cnext.hdf
  train_batch_keys:
  - frame_embs
  - frame_embs_shape
  - captions
  val_batch_keys:
  - frame_embs
  - frame_embs_shape
  - dataset
  - subset
  - fname
  - mult_captions
  - mult_references
  test_batch_keys:
  - frame_embs
  - frame_embs_shape
  - dataset
  - subset
  - fname
  - mult_captions
  - mult_references
  predict_batch_keys:
  - frame_embs
  - frame_embs_shape
  - dataset
  - subset
  - fname
  batch_size: 64
  num_workers: auto
  pin_memory: true
  train_drop_last: false
  verbose: 1
emission:
  _target_: dcase24t6.callbacks.emissions.CustomEmissionTracker
  save_dir: ./logs/alternative2-2025.03.09-17.56.08-baseline/.
  emissions_fname: emissions/{task}_emissions.yaml
  country_iso_code: null
  offline: false
  disabled: false
  experiment_name: alternative2-2025.03.09-17.56.08-baseline
model:
  _target_: dcase24t6.models.trans_decoder.TransDecoderModel
  sched_num_steps: 400
  verbose: 1
  lr: 0.0005
  weight_decay: 2
  beam_size: 3
  d_model: 256
  label_smoothing: 0.2
  mixup_alpha: 0.4
tokenizer:
  _target_: dcase24t6.tokenization.aac_tokenizer.AACTokenizer
path:
  data_root: ./data
  save_root: ./logs
datetime: 2025.03.09-17.56.08
save_dir: ./logs/alternative2-2025.03.09-17.56.08-baseline/.
save_name: alternative2-2025.03.09-17.56.08-baseline
seed: 42
verbose: 1
val_ckpt_path: null
test_ckpt_path: best
logger:
  _target_: lightning.pytorch.loggers.tensorboard.TensorBoardLogger
  save_dir: ./logs/alternative2-2025.03.09-17.56.08-baseline/.
  name: tensorboard
  version: .
trainer:
  _target_: lightning.pytorch.trainer.Trainer
  accelerator: gpu
  accumulate_grad_batches: 8
  benchmark: false
  detect_anomaly: false
  deterministic: false
  devices: 1
  enable_checkpointing: true
  enable_model_summary: false
  fast_dev_run: false
  gradient_clip_algorithm: norm
  gradient_clip_val: 1
  limit_predict_batches: null
  limit_test_batches: null
  limit_train_batches: null
  limit_val_batches: null
  log_every_n_steps: 5
  max_epochs: 400
  max_steps: -1
  num_nodes: 1
  num_sanity_val_steps: 0
  precision: 32
  reload_dataloaders_every_n_epochs: 0
  val_check_interval: null
evaluator:
  _target_: dcase24t6.callbacks.evaluator.Evaluator
  save_dir: ./logs/alternative2-2025.03.09-17.56.08-baseline/.
  val_metrics:
  - cider_d
  - vocab
  test_metrics: all
  exclude_keys:
  - frame_embs

[2025-03-09 17:56:10,056][sentence_transformers.SentenceTransformer][INFO] - Load pretrained SentenceTransformer: paraphrase-TinyBERT-L6-v2
[2025-03-09 17:56:13,931][dcase24t6.train][INFO] - Adding 7 callbacks: Evaluator, ModelSummary, ComplexityProfiler, LearningRateMonitor, PrintModelHash, CustomModelCheckpoint, EarlyStopping
[2025-03-09 17:56:16,084][dcase24t6.nn.decoding.common][INFO] - Forbid repetition mask 4262/4371 tokens during testing.
[2025-03-09 23:20:11,426][aac_metrics.functional.evaluate][WARNING] - Found overlapping metric outputs names. (found corpus_overlap=('fer',) and sents_overlap=('fer',))
[2025-03-09 23:20:30,261][dcase24t6.callbacks.evaluator][INFO] - Metrics results for test at epoch 400:
test/clotho_eval.bleu_1: 0.5759322644568027
test/clotho_eval.bleu_2: 0.37388269898468307
test/clotho_eval.bleu_3: 0.24559393763316625
test/clotho_eval.bleu_4: 0.15654534497384803
test/clotho_eval.meteor: 0.18329235338906935
test/clotho_eval.rouge_l: 0.380929531882022
test/clotho_eval.sbert_sim: 0.5075382061231365
test/clotho_eval.fer: 0.005741626794258373
test/clotho_eval.fense: 0.5043397511071281
test/clotho_eval.cider_d: 0.4381389968895158
test/clotho_eval.spice: 0.1331030121545779
test/clotho_eval.spider: 0.28562100452204686
test/clotho_eval.fer.add_tail_prob: 0.04515024274587631
test/clotho_eval.fer.repeat_event_prob: 0.07054676860570908
test/clotho_eval.fer.repeat_adv_prob: 0.0019620228558778763
test/clotho_eval.fer.remove_conj_prob: 0.12102386355400085
test/clotho_eval.fer.remove_verb_prob: 0.2220519334077835
test/clotho_eval.fer.error_prob: 0.33974534273147583
test/clotho_eval.spider_fl: 0.2838168810299835
test/clotho_eval.vocab.cands: 594.0
test/clotho_eval.vocab.mrefs_full: 3516.0
test/clotho_eval.vocab.ratio_full: 0.1689419795221843
test/clotho_eval.vocab.mrefs_avg: 1837.4
test/clotho_eval.vocab.ratio_avg: 0.32328289974964625
test/clotho_eval.bert_score.precision: 0.9768787026405334
test/clotho_eval.bert_score.recall: 0.9768122434616089
test/clotho_eval.bert_score.f1: 0.9758918285369873

[2025-03-09 23:22:57,473][dcase24t6.train][INFO] - Job results are saved in './logs/alternative2-2025.03.09-17.56.08-baseline/.'. (duration=5:26:49)
