[2025-03-11 09:16:57,593][dcase24t6.train][INFO] - Full configuration:
ckpt:
  _target_: dcase24t6.callbacks.ckpt.CustomModelCheckpoint
  dirpath: ./logs/alternative6-2025.03.11-09.16.56-baseline/./checkpoints
  monitor: val/loss
  mode: min
  filename: '{epoch:03d}-{step:06d}-mode_min-{val/loss:.4f}'
  replace_slash_in_filename: true
  create_best_symlink: true
datamodule:
  _target_: dcase24t6.datamodules.hdf.HDFDatamodule
  root: ./data
  train_hdfs: clotho_dev_cnext.hdf
  val_hdfs: clotho_val_cnext.hdf
  test_hdfs: clotho_eval_cnext.hdf
  predict_hdfs:
  - clotho_dcase_aac_analysis_cnext.hdf
  - clotho_dcase_aac_test_cnext.hdf
  train_batch_keys:
  - frame_embs
  - frame_embs_shape
  - captions
  val_batch_keys:
  - frame_embs
  - frame_embs_shape
  - dataset
  - subset
  - fname
  - mult_captions
  - mult_references
  test_batch_keys:
  - frame_embs
  - frame_embs_shape
  - dataset
  - subset
  - fname
  - mult_captions
  - mult_references
  predict_batch_keys:
  - frame_embs
  - frame_embs_shape
  - dataset
  - subset
  - fname
  batch_size: 64
  num_workers: auto
  pin_memory: true
  train_drop_last: false
  verbose: 1
emission:
  _target_: dcase24t6.callbacks.emissions.CustomEmissionTracker
  save_dir: ./logs/alternative6-2025.03.11-09.16.56-baseline/.
  emissions_fname: emissions/{task}_emissions.yaml
  country_iso_code: null
  offline: false
  disabled: false
  experiment_name: alternative6-2025.03.11-09.16.56-baseline
model:
  _target_: dcase24t6.models.trans_decoder.TransDecoderModel
  sched_num_steps: 400
  verbose: 1
  lr: 0.0005
  weight_decay: 2
  beam_size: 3
  d_model: 256
  label_smoothing: 0.2
  mixup_alpha: 0.4
tokenizer:
  _target_: dcase24t6.tokenization.aac_tokenizer.AACTokenizer
path:
  data_root: ./data
  save_root: ./logs
datetime: 2025.03.11-09.16.56
save_dir: ./logs/alternative6-2025.03.11-09.16.56-baseline/.
save_name: alternative6-2025.03.11-09.16.56-baseline
seed: 42
verbose: 1
val_ckpt_path: null
test_ckpt_path: best
logger:
  _target_: lightning.pytorch.loggers.tensorboard.TensorBoardLogger
  save_dir: ./logs/alternative6-2025.03.11-09.16.56-baseline/.
  name: tensorboard
  version: .
trainer:
  _target_: lightning.pytorch.trainer.Trainer
  accelerator: gpu
  accumulate_grad_batches: 8
  benchmark: false
  detect_anomaly: false
  deterministic: false
  devices: 1
  enable_checkpointing: true
  enable_model_summary: false
  fast_dev_run: false
  gradient_clip_algorithm: norm
  gradient_clip_val: 1
  limit_predict_batches: null
  limit_test_batches: null
  limit_train_batches: null
  limit_val_batches: null
  log_every_n_steps: 5
  max_epochs: 400
  max_steps: -1
  num_nodes: 1
  num_sanity_val_steps: 0
  precision: 32
  reload_dataloaders_every_n_epochs: 0
  val_check_interval: null
evaluator:
  _target_: dcase24t6.callbacks.evaluator.Evaluator
  save_dir: ./logs/alternative6-2025.03.11-09.16.56-baseline/.
  val_metrics:
  - cider_d
  - vocab
  test_metrics: all
  exclude_keys:
  - frame_embs

[2025-03-11 09:16:57,599][sentence_transformers.SentenceTransformer][INFO] - Load pretrained SentenceTransformer: paraphrase-TinyBERT-L6-v2
[2025-03-11 09:17:03,134][dcase24t6.train][INFO] - Adding 7 callbacks: Evaluator, ModelSummary, ComplexityProfiler, LearningRateMonitor, PrintModelHash, CustomModelCheckpoint, EarlyStopping
[2025-03-11 09:17:04,804][dcase24t6.nn.decoding.common][INFO] - Forbid repetition mask 4262/4371 tokens during testing.
[2025-03-11 14:42:28,340][aac_metrics.functional.evaluate][WARNING] - Found overlapping metric outputs names. (found corpus_overlap=('fer',) and sents_overlap=('fer',))
[2025-03-11 14:42:45,539][dcase24t6.callbacks.evaluator][INFO] - Metrics results for test at epoch 400:
test/clotho_eval.bleu_1: 0.5871445127930296
test/clotho_eval.bleu_2: 0.38320210051267983
test/clotho_eval.bleu_3: 0.25303798896118
test/clotho_eval.bleu_4: 0.16193216188214565
test/clotho_eval.meteor: 0.18738450201994178
test/clotho_eval.rouge_l: 0.3866756498319126
test/clotho_eval.sbert_sim: 0.49940908360673764
test/clotho_eval.fer: 0.003827751196172249
test/clotho_eval.fense: 0.4975040258656136
test/clotho_eval.cider_d: 0.4545534302600912
test/clotho_eval.spice: 0.1335574113264523
test/clotho_eval.spider: 0.29405542079327174
test/clotho_eval.fer.add_tail_prob: 0.045073263347148895
test/clotho_eval.fer.repeat_event_prob: 0.07148998230695724
test/clotho_eval.fer.repeat_adv_prob: 0.002022374654188752
test/clotho_eval.fer.remove_conj_prob: 0.1278524547815323
test/clotho_eval.fer.remove_verb_prob: 0.219717875123024
test/clotho_eval.fer.error_prob: 0.34531962871551514
test/clotho_eval.spider_fl: 0.29310226811312573
test/clotho_eval.vocab.cands: 540.0
test/clotho_eval.vocab.mrefs_full: 3516.0
test/clotho_eval.vocab.ratio_full: 0.15358361774744028
test/clotho_eval.vocab.mrefs_avg: 1837.4
test/clotho_eval.vocab.ratio_avg: 0.2938935452269511
test/clotho_eval.bert_score.precision: 0.9771261215209961
test/clotho_eval.bert_score.recall: 0.977083683013916
test/clotho_eval.bert_score.f1: 0.9761097431182861

[2025-03-11 14:45:12,635][dcase24t6.train][INFO] - Job results are saved in './logs/alternative6-2025.03.11-09.16.56-baseline/.'. (duration=5:28:16)
